<?xml version="1.0" encoding="UTF-8"?>
<!-- Generated by org.testng.reporters.JUnitReportReporter -->
<testsuite hostname="priyanka" failures="1" tests="6" name="TestNGBasics.ParametarizationAndCrossbrowser" time="29.692" errors="0" timestamp="2022-09-28T14:32:11 IST" skipped="0">
  <testcase classname="TestNGBasics.ParametarizationAndCrossbrowser" name="CrossBrowserTesting" time="28.451"/>
  <system-out/>
  <testcase classname="TestNGBasics.ParametarizationAndCrossbrowser" name="verifyCurrentUrl" time="0.172"/>
  <system-out/>
  <testcase classname="TestNGBasics.ParametarizationAndCrossbrowser" name="verifyPageTitle" time="0.037">
    <failure message="expected [Facebook-log in or sign up] but found [Facebook – log in or sign up]" type="java.lang.AssertionError">
      <![CDATA[java.lang.AssertionError: expected [Facebook-log in or sign up] but found [Facebook – log in or sign up]
at org.testng.Assert.fail(Assert.java:99)
at org.testng.Assert.failNotEquals(Assert.java:1037)
at org.testng.Assert.assertEqualsImpl(Assert.java:140)
at org.testng.Assert.assertEquals(Assert.java:122)
at org.testng.Assert.assertEquals(Assert.java:629)
at org.testng.Assert.assertEquals(Assert.java:639)
at TestNGBasics.ParametarizationAndCrossbrowser.verifyPageTitle(ParametarizationAndCrossbrowser.java:41)
at java.base/jdk.internal.reflect.NativeMethodAccessorImpl.invoke0(Native Method)
at java.base/jdk.internal.reflect.NativeMethodAccessorImpl.invoke(NativeMethodAccessorImpl.java:64)
at java.base/jdk.internal.reflect.DelegatingMethodAccessorImpl.invoke(DelegatingMethodAccessorImpl.java:43)
at java.base/java.lang.reflect.Method.invoke(Method.java:564)
at org.testng.internal.MethodInvocationHelper.invokeMethod(MethodInvocationHelper.java:133)
at org.testng.internal.TestInvoker.invokeMethod(TestInvoker.java:598)
at org.testng.internal.TestInvoker.invokeTestMethod(TestInvoker.java:173)
at org.testng.internal.MethodRunner.runInSequence(MethodRunner.java:46)
at org.testng.internal.TestInvoker$MethodInvocationAgent.invoke(TestInvoker.java:824)
at org.testng.internal.TestInvoker.invokeTestMethods(TestInvoker.java:146)
at org.testng.internal.TestMethodWorker.invokeTestMethods(TestMethodWorker.java:146)
at org.testng.internal.TestMethodWorker.run(TestMethodWorker.java:128)
at java.base/java.util.ArrayList.forEach(ArrayList.java:1511)
at org.testng.TestRunner.privateRun(TestRunner.java:794)
at org.testng.TestRunner.run(TestRunner.java:596)
at org.testng.SuiteRunner.runTest(SuiteRunner.java:377)
at org.testng.SuiteRunner.access$000(SuiteRunner.java:28)
at org.testng.SuiteRunner$SuiteWorker.run(SuiteRunner.java:418)
at org.testng.internal.thread.ThreadUtil.lambda$execute$0(ThreadUtil.java:64)
at java.base/java.util.concurrent.FutureTask.run(FutureTask.java:264)
at java.base/java.util.concurrent.ThreadPoolExecutor.runWorker(ThreadPoolExecutor.java:1130)
at java.base/java.util.concurrent.ThreadPoolExecutor$Worker.run(ThreadPoolExecutor.java:630)
at java.base/java.lang.Thread.run(Thread.java:832)
]]>
    </failure>
  </testcase> <!-- verifyPageTitle -->
  <system-out/>
  <testcase classname="TestNGBasics.ParametarizationAndCrossbrowser" name="VerifyUsernameField" time="0.376"/>
  <system-out/>
  <testcase classname="TestNGBasics.ParametarizationAndCrossbrowser" name="VerifyPasswordField" time="0.358"/>
  <system-out/>
  <testcase classname="TestNGBasics.ParametarizationAndCrossbrowser" name="ClickLoginButton" time="0.298"/>
  <system-out/>
</testsuite> <!-- TestNGBasics.ParametarizationAndCrossbrowser -->
