<?xml version="1.0" encoding="UTF-8"?>
<!-- Generated by org.testng.reporters.JUnitXMLReporter -->
<testsuite ignored="0" hostname="priyanka" failures="1" tests="6" name="Chrome Test" time="29.849" errors="0" timestamp="2022-09-28T14:32:10 IST">
  <testcase classname="TestNGBasics.ParametarizationAndCrossbrowser" name="CrossBrowserTesting" time="28.451"/>
  <testcase classname="TestNGBasics.ParametarizationAndCrossbrowser" name="verifyCurrentUrl" time="0.172"/>
  <testcase classname="TestNGBasics.ParametarizationAndCrossbrowser" name="verifyPageTitle" time="0.037">
    <failure type="java.lang.AssertionError" message="expected [Facebook-log in or sign up] but found [Facebook – log in or sign up]">
      <![CDATA[java.lang.AssertionError: expected [Facebook-log in or sign up] but found [Facebook – log in or sign up]
at TestNGBasics.ParametarizationAndCrossbrowser.verifyPageTitle(ParametarizationAndCrossbrowser.java:41)
at java.base/java.util.ArrayList.forEach(ArrayList.java:1511)
at java.base/java.util.concurrent.FutureTask.run(FutureTask.java:264)
at java.base/java.util.concurrent.ThreadPoolExecutor.runWorker(ThreadPoolExecutor.java:1130)
at java.base/java.util.concurrent.ThreadPoolExecutor$Worker.run(ThreadPoolExecutor.java:630)
at java.base/java.lang.Thread.run(Thread.java:832)
... Removed 24 stack frames]]>
    </failure>
  </testcase> <!-- verifyPageTitle -->
  <testcase classname="TestNGBasics.ParametarizationAndCrossbrowser" name="VerifyUsernameField" time="0.376"/>
  <testcase classname="TestNGBasics.ParametarizationAndCrossbrowser" name="VerifyPasswordField" time="0.358"/>
  <testcase classname="TestNGBasics.ParametarizationAndCrossbrowser" name="ClickLoginButton" time="0.298"/>
</testsuite> <!-- Chrome Test -->
